cc -Ilibs/charft -Ilibs/listft -Ilibs/mathft -Ilibs/memft -Ilibs/hsft -Ilibs/stringft -lm libft.a libs/hsft/*.c libs/charft/*.c libs/listft/*.c libs/mathft/*.c libs/memft/*.c libs/stringft/*.c  *.c && ./a.out 195 154 139 476 23 191 172 390 151 197 174 130 37 177 393 330 50 290 452 204 306 442 404 101 11 213 67 376 299 194 413 49 363 241 198 9 109 10 492 217 99 87 419 13 32 293 76 150 211 426 258 218 227 68 170 447 484 29 98 259 364 372 155 116 410 448 439 431 176 105 90 208 153 304 59 17 284 15 124 485 320 323 51 28 202 498 12 460 8 135 454 444 58 463 350 96 225 295 342 369 73 200 265 221 422 120 437 246 353 253 248 152 54 387 147 78 375 279 112 252 201 56 276 361 275 226 126 156 377 7 373 343 459 425 228 461 481 104 455 27 381 403 443 160 189 239 4 33 317 473 396 88 111 256 482 3 423 140 457 108 216 137 414 270 282 316 179 289 378 488 250 16 185 44 260 401 383 148 264 169 370 288 102 162 39 85 255 464 238 355 1 327 407 287 235 296 310 24 53 19 60 131 158 203 432 395 456 294 26 379 136 21 166 57 193 222 351 100 142 325 93 42 411 219 469 332 40 352 5 129 446 319 6 66 397 48 74 341 257 429 215 441 149 471 495 391 236 434 301 340 75 115 467 462 30 286 324 362 331 206 181 483 384 285 38 245 274 95 261 89 360 22 141 428 344 77 237 338 123 117 271 242 14 445 421 336 119 314 97 371 254 358 430 453 196 180 402 230 110 269 240 493 183 494 127 436 465 415 291 335 106 144 18 64 468 31 190 307 214 497 175 165 318 308 178 374 20 262 449 46 389 267 500 25 278 339 329 416 451 79 35 321 94 406 223 83 187 487 300 229 249 478 313 161 356 34 199 184 474 380 65 186 368 281 297 210 86 107 326 233 305 496 334 61 173 405 125 409 167 333 386 277 168 80 138 43 399 418 2 69 212 309 417 45 91 280 82 367 328 388 400 41 263 420 408 146 475 121 322 143 118 438 62 365 346 359 349 480 36 366 311 164 224 268 427 347 134 243 392 209 477 145 394 489 188 303 122 157 273 499 244 63 192 231 207 114 163 354 283 479 232 298 272 220 433 133 357 302 398 315 491 472 47 55 132 385 490 348 412 466 92 72 266 440 103 251 171 182 205 458 486 382 450 470 52 345 312 337 70 113 81 234 424 71 128 247 435 292 84 159
PB
PB
PB
PB
PB
PB
PB
PB
PB
PB
PB
PB
PB
PB
PB
PB
PB
PB
PB
PB
PB
PB
PB
PB
PB
PB
PB
PB
PB
PB
PB
PB
PB
PB
PB
PB
PB
PB
PB
PB
PB
PB
PB
PB
PB
PB
PB
PB
PB
PB
PB
PB
PB
PB
PB
PB
PB
PB
PB
PB
PB
PB
PB
PB
PB
PB
PB
PB
PB
PB
PB
PB
PB
PB
PB
PB
PB
PB
PB
PB
PB
PB
PB
PB
PB
PB
PB
PB
PB
PB
PB
PB
PB
PB
PB
PB
PB
PB
PB
PB
PB
PB
PB
PB
PB
PB
PB
PB
PB
PB
PB
PB
PB
PB
PB
PB
PB
PB
PB
PB
PB
PB
PB
PB
PB
PB
PB
PB
PB
PB
PB
PB
PB
PB
PB
PB
PB
PB
PB
PB
PB
PB
PB
PB
PB
PB
PB
PB
PB
PB
PB
PB
PB
PB
PB
PB
PB
PB
PB
PB
PB
PB
PB
PB
PB
PB
PB
PB
PB
PB
PB
PB
PB
PB
PB
PB
PB
PB
PB
PB
PB
PB
PB
PB
PB
PB
PB
PB
PB
PB
PB
PB
PB
PB
PB
PB
PB
PB
PB
PB
PB
PB
PB
PB
PB
PB
PB
PB
PB
PB
PB
PB
PB
PB
PB
PB
PB
PB
PB
PB
PB
PB
PB
PB
PB
PB
PB
PB
PB
PB
PB
PB
PB
PB
PB
PB
PB
PB
PB
PB
PB
PB
PB
PB
PB
PB
PB
PB
PB
PB
PB
PB
PB
PB
PB
PB
PB
PB
PB
PB
PB
PB
PB
PB
PB
PB
PB
PB
PB
PB
PB
PB
PB
PB
PB
PB
PB
PB
PB
PB
PB
PB
PB
PB
PB
PB
PB
PB
PB
PB
PB
PB
PB
PB
PB
PB
PB
PB
PB
PB
PB
PB
PB
PB
PB
PB
PB
PB
PB
PB
PB
PB
PB
PB
PB
PB
PB
PB
PB
PB
PB
PB
PB
PB
PB
PB
PB
PB
PB
PB
PB
PB
PB
PB
PB
PB
PB
PB
PB
PB
PB
PB
PB
PB
PB
PB
PB
PB
PB
PB
PB
PB
PB
PB
PB
PB
PB
PB
PB
PB
PB
PB
PB
PB
PB
PB
PB
PB
PB
PB
PB
PB
PB
PB
PB
PB
PB
PB
PB
PB
PB
PB
PB
PB
PB
PB
PB
PB
PB
PB
PB
PB
PB
PB
PB
PB
PB
PB
PB
PB
PB
PB
PB
PB
PB
PB
PB
PB
PB
PB
PB
PB
PB
PB
PB
PB
PB
PB
PB
PB
PB
PB
PB
PB
PB
PB
PB
PB
PB
PB
PB
PB
PB
PB
PB
PB
PB
PB
PB
PB
PB
PB
PB
PB
PB
PB
PB
PB
PB
PB
PB
PB
PB
PB
PB
PB
PB
PB
PB
PB
PB
PB
PB
PB
PB
PB
PB
PB
PB
PB
PB
PB
PB
PB
PB
PB
PB
PB
PB
PB
PB
PB
PB
PB
PB
PB
PB
PB
PB
PB
PB
PB
PB
PB
PB
PB
PB
PB
PB
PB
PA
PA
PA
PA
PA
PA
PA
PA
PA
PA
PA
PA
PA
PA
PA
PA
PA
PA
PA
PA
PA
PA
PA
PA
PA
PA
PA
PA
PA
PA
PA
PA
PA
PA
PA
PA
PA
PA
PA
PA
PA
PA
PA
PA
PA
PA
PA
PA
PA
PA
PA
PA
PA
PA
PA
PA
PA
PA
PA
PA
PA
PA
PA
PA
PA
PA
PA
PA
PA
PA
PA
PA
PA
PA
PA
PA
PA
PA
PA
PA
PA
PA
PA
PA
PA
PA
PA
PA
PA
PA
PA
PA
PA
PA
PA
PA
PA
PA
PA
PA
PA
PA
PA
PA
PA
PA
PA
PA
PA
PA
PA
PA
PA
PA
PA
PA
PA
PA
PA
PA
PA
PA
PA
PA
PA
PA
PA
PA
PA
PA
PA
PA
PA
PA
PA
PA
PA
PA
PA
PA
PA
PA
PA
PA
PA
PA
PA
PA
PA
PA
PA
PA
PA
PA
PA
PA
PA
PA
PA
PA
PA
PA
PA
PA
PA
PA
PA
PA
PA
PA
PA
PA
PA
PA
PA
PA
PA
PA
PA
PA
PA
PA
PA
PA
PA
PA
PA
PA
PA
PA
PA
PA
PA
PA
PA
PA
PA
PA
PA
PA
PA
PA
PA
PA
PA
PA
PA
PA
PA
PA
PA
PA
PA
PA
PA
PA
PA
PA
PA
PA
PA
PA
PA
PA
PA
PA
PA
PA
PA
PA
PA
PA
PA
PA
PA
PA
PA
PA
PA
PA
PA
PA
PA
PA
PA
PA
PA
PA
PA
PA
PA
PA
PA
PA
PA
PA
PA
PA
PA
PA
PA
PA
PA
PA
PA
PA
PA
PA
PA
PA
PA
PA
PA
PA
PA
PA
PA
PA
PA
PA
PA
PA
PA
PA
PA
PA
PA
PA
PA
PA
PA
PA
PA
PA
PA
PA
PA
PA
PA
PA
PA
PA
PA
PA
PA
PA
PA
PA
PA
PA
PA
PA
PA
PA
PA
PA
PA
PA
PA
PA
PA
PA
PA
PA
PA
PA
PA
PA
PA
PA
PA
PA
PA
PA
PA
PA
PA
PA
PA
PA
PA
PA
PA
PA
PA
PA
PA
PA
PA
PA
PA
PA
PA
PA
PA
PA
PA
PA
PA
PA
PA
PA
PA
PA
PA
PA
PA
PA
PA
PA
PA
PA
PA
PA
PA
PA
PA
PA
PA
PA
PA
PA
PA
PA
PA
PA
PA
PA
PA
PA
PA
PA
PA
PA
PA
PA
PA
PA
PA
PA
PA
PA
PA
PA
PA
PA
PA
PA
PA
PA
PA
PA
PA
PA
PA
PA
PA
PA
PA
PA
PA
PA
PA
PA
PA
PA
PA
PA
PA
PA
PA
PA
PA
PA
PA
PA
PA
PA
PA
PA
PA
PA
PA
PA
PA
PA
PA
PA
PA
PA
PA
PA
PA
PA
PA
PA
PA
PA
PA
PA
PA
PA
PA
PA
PA
PA
PA
PA
PA
PA
PA
PA
PA
PA
PA
PA
PA
PA
PA
PA
PA
PA
PA
PA
PA
PA
PA
PA
PA
PA
PA
PA
PA
PA
PA
PA
PA
PA
PA
PA
PB
PB
PB
PB
PB
PB
PB
PB
PB
PB
PB
PB
PB
PB
PB
PB
PB
PB
PB
PB
PB
PB
PB
PB
PB
PB
PB
PB
PB
PB
PB
PB
PB
PB
PB
PB
PB
PB
PB
PB
PB
PB
PB
PB
PB
PB
PB
PB
PB
PB
PB
PB
PB
PB
PB
PB
PB
PB
PB
PB
PB
PB
PB
PB
PB
PB
PB
PB
PB
PB
PB
PB
PB
PB
PB
PB
PB
PB
PB
PB
PB
PB
PB
PB
PB
PB
PB
PB
PB
PB
PB
PB
PB
PB
PB
PB
PB
PB
PB
PB
PB
PB
PB
PB
PB
PB
PB
PB
PB
PB
PB
PB
PB
PB
PB
PB
PB
PB
PB
PB
PB
PB
PB
PB
PB
PB
PB
PB
PB
PB
PB
PB
PB
PB
PB
PB
PB
PB
PB
PB
PB
PB
PB
PB
PB
PB
PB
PB
PB
PB
PB
PB
PB
PB
PB
PB
PB
PB
PB
PB
PB
PB
PB
PB
PB
PB
PB
PB
PB
PB
PB
PB
PB
PB
PB
PB
PB
PB
PB
PB
PB
PB
PB
PB
PB
PB
PB
PB
PB
PB
PB
PB
PB
PB
PB
PB
PB
PB
PB
PB
PB
PB
PB
PB
PB
PB
PB
PB
PB
PB
PB
PB
PB
PB
PB
PB
PB
PB
PB
PB
PB
PB
PB
PB
PB
PB
PB
PB
PB
PB
PB
PB
PB
PB
PB
PB
PB
PB
PB
PB
PB
PB
PB
PB
PB
PB
PB
PB
PB
PB
PB
PB
PB
PB
PB
PB
PB
PB
PB
PB
PB
PB
PB
PB
PB
PB
PB
PB
PB
PB
PB
PB
PB
PB
PB
PB
PB
PB
PB
PB
PB
PB
PB
PB
PB
PB
PB
PB
PB
PB
PB
PB
PB
PB
PB
PB
PB
PB
PB
PB
PB
PB
PB
PB
PB
PB
PB
PB
PB
PB
PB
PB
PB
PB
PB
PB
PB
PB
PB
PB
PB
PB
PB
PB
PB
PB
PB
PB
PB
PB
PB
PB
PB
PB
PB
PB
PB
PB
PB
PB
PB
PB
PB
PB
PB
PB
PB
PB
PB
PB
PB
PB
PB
PB
PB
PB
PB
PB
PB
PB
PB
PB
PB
PB
PB
PB
PB
PB
PB
PB
PB
PB
PB
PB
PB
PB
PB
PB
PB
PB
PB
PB
PB
PB
PB
PB
PB
PB
PB
PB
PB
PB
PB
PB
PB
PB
PB
PB
PB
PB
PB
PB
PB
PB
PB
PB
PB
PB
PB
PB
PB
PB
PB
PB
PB
PB
PB
PB
PB
PB
PB
PB
PB
PB
PB
PB
PB
PB
PB
PB
PB
PB
PB
PB
PB
PB
PB
PB
PB
PB
PB
PB
PB
PB
PB
PB
PB
PB
PB
PB
PB
PB
PB
PB
PB
PB
PB
PB
PB
PB
PB
PB
PB
PB
PB
PB
PB
PB
PB
PB
PB
PB
PB
PB
PB
PB
PB
PB
PB
PB
PB
PB
PB
PB
PB
PB
PB
PB
PB
PB
PB
PB
PB
PB
PB
PB
PB
PB
PB
PB
PA
PA
PA
PA
PA
PA
PA
PA
PA
PA
PA
PA
PA
PA
PA
PA
PA
PA
PA
PA
PA
PA
PA
PA
PA
PA
PA
PA
PA
PA
PA
PA
PA
PA
PA
PA
PA
PA
PA
PA
PA
PA
PA
PA
PA
PA
PA
PA
PA
PA
PA
PA
PA
PA
PA
PA
PA
PA
PA
PA
PA
PA
PA
PA
PA
PA
PA
PA
PA
PA
PA
PA
PA
PA
PA
PA
PA
PA
PA
PA
PA
PA
PA
PA
PA
PA
PA
PA
PA
PA
PA
PA
PA
PA
PA
PA
PA
PA
PA
PA
PA
PA
PA
PA
PA
PA
PA
PA
PA
PA
PA
PA
PA
PA
PA
PA
PA
PA
PA
PA
PA
PA
PA
PA
PA
PA
PA
PA
PA
PA
PA
PA
PA
PA
PA
PA
PA
PA
PA
PA
PA
PA
PA
PA
PA
PA
PA
PA
PA
PA
PA
PA
PA
PA
PA
PA
PA
PA
PA
PA
PA
PA
PA
PA
PA
PA
PA
PA
PA
PA
PA
PA
PA
PA
PA
PA
PA
PA
PA
PA
PA
PA
PA
PA
PA
PA
PA
PA
PA
PA
PA
PA
PA
PA
PA
PA
PA
PA
PA
PA
PA
PA
PA
PA
PA
PA
PA
PA
PA
PA
PA
PA
PA
PA
PA
PA
PA
PA
PA
PA
PA
PA
PA
PA
PA
PA
PA
PA
PA
PA
PA
PA
PA
PA
PA
PA
PA
PA
PA
PA
PA
PA
PA
PA
PA
PA
PA
PA
PA
PA
PA
PA
PA
PA
PA
PA
PA
PA
PA
PA
PA
PA
PA
PA
PA
PA
PA
PA
PA
PA
PA
PA
PA
PA
PA
PA
PA
PA
PA
PA
PA
PA
PA
PA
PA
PA
PA
PA
PA
PA
PA
PA
PA
PA
PA
PA
PA
PA
PA
PA
PA
PA
PA
PA
PA
PA
PA
PA
PA
PA
PA
PA
PA
PA
PA
PA
PA
PA
PA
PA
PA
PA
PA
PA
PA
PA
PA
PA
PA
PA
PA
PA
PA
PA
PA
PA
PA
PA
PA
PA
PA
PA
PA
PA
PA
PA
PA
PA
PA
PA
PA
PA
PA
PA
PA
PA
PA
PA
PA
PA
PA
PA
PA
PA
PA
PA
PA
PA
PA
PA
PA
PA
PA
PA
PA
PA
PA
PA
PA
PA
PA
PA
PA
PA
PA
PA
PA
PA
PA
PA
PA
PA
PA
PA
PA
PA
PA
PA
PA
PA
PA
PA
PA
PA
PA
PA
PA
PA
PA
PA
PA
PA
PA
PA
PA
PA
PA
PA
PA
PA
PA
PA
PA
PA
PA
PA
PA
PA
PA
PA
PA
PA
PA
PA
PA
PA
PA
PA
PA
PA
PA
PA
PA
PA
PA
PA
PA
PA
PA
PA
PA
PA
PA
PA
PA
PA
PA
PA
PA
PA
PA
PA
PA
PA
PA
PA
PA
PA
PA
PA
PA
PA
PA
PA
PA
PA
PA
PA
PA
PA
PA
PA
PA
PA
PA
PA
PA
PA
PA
PA
PA
PA
PA
PA
PA
PA
PA
PA
PA
PA
PB
PB
PB
PB
PB
PB
PB
PB
PB
PB
PB
PB
PB
PB
PB
PB
PB
PB
PB
PB
PB
PB
PB
PB
PB
PB
PB
PB
PB
PB
PB
PB
PB
PB
PB
PB
PB
PB
PB
PB
PB
PB
PB
PB
PB
PB
PB
PB
PB
PB
PB
PB
PB
PB
PB
PB
PB
PB
PB
PB
PB
PB
PB
PB
PB
PB
PB
PB
PB
PB
PB
PB
PB
PB
PB
PB
PB
PB
PB
PB
PB
PB
PB
PB
PB
PB
PB
PB
PB
PB
PB
PB
PB
PB
PB
PB
PB
PB
PB
PB
PB
PB
PB
PB
PB
PB
PB
PB
PB
PB
PB
PB
PB
PB
PB
PB
PB
PB
PB
PB
PB
PB
PB
PB
PB
PB
PB
PB
PB
PB
PB
PB
PB
PB
PB
PB
PB
PB
PB
PB
PB
PB
PB
PB
PB
PB
PB
PB
PB
PB
PB
PB
PB
PB
PB
PB
PB
PB
PB
PB
PB
PB
PB
PB
PB
PB
PB
PB
PB
PB
PB
PB
PB
PB
PB
PB
PB
PB
PB
PB
PB
PB
PB
PB
PB
PB
PB
PB
PB
PB
PB
PB
PB
PB
PB
PB
PB
PB
PB
PB
PB
PB
PB
PB
PB
PB
PB
PB
PB
PB
PB
PB
PB
PB
PB
PB
PB
PB
PB
PB
PB
PB
PB
PB
PB
PB
PB
PB
PB
PB
PB
PB
PB
PB
PB
PB
PB
PB
PB
PB
PB
PB
PB
PB
PB
PB
PB
PB
PB
PB
PB
PB
PB
PB
PB
PB
PB
PB
PB
PB
PB
PB
PB
PB
PB
PB
PB
PB
PB
PB
PB
PB
PB
PB
PB
PB
PB
PB
PB
PB
PB
PB
PB
PB
PB
PB
PB
PB
PB
PB
PB
PB
PB
PB
PB
PB
PB
PB
PB
PB
PB
PB
PB
PB
PB
PB
PB
PB
PB
PB
PB
PB
PB
PB
PB
PB
PB
PB
PB
PB
PB
PB
PB
PB
PB
PB
PB
PB
PB
PB
PB
PB
PB
PB
PB
PB
PB
PB
PB
PB
PB
PB
PB
PB
PB
PB
PB
PB
PB
PB
PB
PB
PB
PB
PB
PB
PB
PB
PB
PB
PB
PB
PB
PB
PB
PB
PB
PB
PB
PB
PB
PB
PB
PB
PB
PB
PB
PB
PB
PB
PB
PB
PB
PB
PB
PB
PB
PB
PB
PB
PB
PB
PB
PB
PB
PB
PB
PB
PB
PB
PB
PB
PB
PB
PB
PB
PB
PB
PB
PB
PB
PB
PB
PB
PB
PB
PB
PB
PB
PB
PB
PB
PB
PB
PB
PB
PB
PB
PB
PB
PB
PB
PB
PB
PB
PB
PB
PB
PB
PB
PB
PB
PB
PB
PB
PB
PB
PB
PB
PB
PB
PB
PB
PB
PB
PB
PB
PB
PB
PB
PB
PB
PB
PB
PB
PB
PB
PB
PB
PB
PB
PB
PB
PB
PB
PB
PB
PB
PB
PB
PB
PB
PB
PB
PB
PB
PB
PB
PB
PB
PB
PB
PB
PB
PB
PB
PB
PB
PB
PB
PA
PA
PA
PA
PA
PA
PA
PA
PA
PA
PA
PA
PA
PA
PA
PA
PA
PA
PA
PA
PA
PA
PA
PA
PA
PA
PA
PA
PA
PA
PA
PA
PA
PA
PA
PA
PA
PA
PA
PA
PA
PA
PA
PA
PA
PA
PA
PA
PA
PA
PA
PA
PA
PA
PA
PA
PA
PA
PA
PA
PA
PA
PA
PA
PA
PA
PA
PA
PA
PA
PA
PA
PA
PA
PA
PA
PA
PA
PA
PA
PA
PA
PA
PA
PA
PA
PA
PA
PA
PA
PA
PA
PA
PA
PA
PA
PA
PA
PA
PA
PA
PA
PA
PA
PA
PA
PA
PA
PA
PA
PA
PA
PA
PA
PA
PA
PA
PA
PA
PA
PA
PA
PA
PA
PA
PA
PA
PA
PA
PA
PA
PA
PA
PA
PA
PA
PA
PA
PA
PA
PA
PA
PA
PA
PA
PA
PA
PA
PA
PA
PA
PA
PA
PA
PA
PA
PA
PA
PA
PA
PA
PA
PA
PA
PA
PA
PA
PA
PA
PA
PA
PA
PA
PA
PA
PA
PA
PA
PA
PA
PA
PA
PA
PA
PA
PA
PA
PA
PA
PA
PA
PA
PA
PA
PA
PA
PA
PA
PA
PA
PA
PA
PA
PA
PA
PA
PA
PA
PA
PA
PA
PA
PA
PA
PA
PA
PA
PA
PA
PA
PA
PA
PA
PA
PA
PA
PA
PA
PA
PA
PA
PA
PA
PA
PA
PA
PA
PA
PA
PA
PA
PA
PA
PA
PA
PA
PA
PA
PA
PA
PA
PA
PA
PA
PA
PA
PA
PA
PA
PA
PA
PA
PA
PA
PA
PA
PA
PA
PA
PA
PA
PA
PA
PA
PA
PA
PA
PA
PA
PA
PA
PA
PA
PA
PA
PA
PA
PA
PA
PA
PA
PA
PA
PA
PA
PA
PA
PA
PA
PA
PA
PA
PA
PA
PA
PA
PA
PA
PA
PA
PA
PA
PA
PA
PA
PA
PA
PA
PA
PA
PA
PA
PA
PA
PA
PA
PA
PA
PA
PA
PA
PA
PA
PA
PA
PA
PA
PA
PA
PA
PA
PA
PA
PA
PA
PA
PA
PA
PA
PA
PA
PA
PA
PA
PA
PA
PA
PA
PA
PA
PA
PA
PA
PA
PA
PA
PA
PA
PA
PA
PA
PA
PA
PA
PA
PA
PA
PA
PA
PA
PA
PA
PA
PA
PA
PA
PA
PA
PA
PA
PA
PA
PA
PA
PA
PA
PA
PA
PA
PA
PA
PA
PA
PA
PA
PA
PA
PA
PA
PA
PA
PA
PA
PA
PA
PA
PA
PA
PA
PA
PA
PA
PA
PA
PA
PA
PA
PA
PA
PA
PA
PA
PA
PA
PA
PA
PA
PA
PA
PA
PA
PA
PA
PA
PA
PA
PA
PA
PA
PA
PA
PA
PA
PA
PA
PA
PA
PA
PA
PA
PA
PA
PA
PA
PA
PA
PA
PA
PA
PA
PA
PA
PA
PA
PA
PA
PA
PA
PA
PA
PA
PA
PA
PA
PA
PA
PA
PA
PA
PA
PA
PA
PA
PA
PA
PA
PA
PA
PA
PA
PB
PB
PB
PB
PB
PB
PB
PB
PB
PB
PB
PB
PB
PB
PB
PB
PB
PB
PB
PB
PB
PB
PB
PB
PB
PB
PB
PB
PB
PB
PB
PB
PB
PB
PB
PB
PB
PB
PB
PB
PB
PB
PB
PB
PB
PB
PB
PB
PB
PB
PB
PB
PB
PB
PB
PB
PB
PB
PB
PB
PB
PB
PB
PB
PB
PB
PB
PB
PB
PB
PB
PB
PB
PB
PB
PB
PB
PB
PB
PB
PB
PB
PB
PB
PB
PB
PB
PB
PB
PB
PB
PB
PB
PB
PB
PB
PB
PB
PB
PB
PB
PB
PB
PB
PB
PB
PB
PB
PB
PB
PB
PB
PB
PB
PB
PB
PB
PB
PB
PB
PB
PB
PB
PB
PB
PB
PB
PB
PB
PB
PB
PB
PB
PB
PB
PB
PB
PB
PB
PB
PB
PB
PB
PB
PB
PB
PB
PB
PB
PB
PB
PB
PB
PB
PB
PB
PB
PB
PB
PB
PB
PB
PB
PB
PB
PB
PB
PB
PB
PB
PB
PB
PB
PB
PB
PB
PB
PB
PB
PB
PB
PB
PB
PB
PB
PB
PB
PB
PB
PB
PB
PB
PB
PB
PB
PB
PB
PB
PB
PB
PB
PB
PB
PB
PB
PB
PB
PB
PB
PB
PB
PB
PB
PB
PB
PB
PB
PB
PB
PB
PB
PB
PB
PB
PB
PB
PB
PB
PB
PB
PB
PB
PB
PB
PB
PB
PB
PB
PB
PB
PB
PB
PB
PB
PB
PB
PB
PB
PB
PB
PB
PB
PB
PB
PB
PB
PB
PB
PB
PB
PB
PB
PB
PB
PB
PB
PB
PB
PB
PB
PB
PB
PB
PB
PB
PB
PB
PB
PB
PB
PB
PB
PB
PB
PB
PB
PB
PB
PB
PB
PB
PB
PB
PB
PB
PB
PB
PB
PB
PB
PB
PB
PB
PB
PB
PB
PB
PB
PB
PB
PB
PB
PB
PB
PB
PB
PB
PB
PB
PB
PB
PB
PB
PB
PB
PB
PB
PB
PB
PB
PB
PB
PB
PB
PB
PB
PB
PB
PB
PB
PB
PB
PB
PB
PB
PB
PB
PB
PB
PB
PB
PB
PB
PB
PB
PB
PB
PB
PB
PB
PB
PB
PB
PB
PB
PB
PB
PB
PB
PB
PB
PB
PB
PB
PB
PB
PB
PB
PB
PB
PB
PB
PB
PB
PB
PB
PB
PB
PB
PB
PB
PB
PB
PB
PB
PB
PB
PB
PB
PB
PB
PB
PB
PB
PB
PB
PB
PB
PB
PB
PB
PB
PB
PB
PB
PB
PB
PB
PB
PB
PB
PB
PB
PB
PB
PB
PB
PB
PB
PB
PB
PB
PB
PB
PB
PB
PB
PB
PB
PB
PB
PB
PB
PB
PB
PB
PB
PB
PB
PB
PB
PB
PB
PB
PB
PB
PB
PB
PB
PB
PB
PB
PB
PB
PB
PB
PB
PB
PB
PB
PB
PB
PB
PB
PB
PB
PB
PB
PB
PB
PB
PB
PB
PB
PB
PB
PB
PB
PB
PB
PB
PB
PB
PB
PB
PB
PB
PB
PB
PB
PA
PA
PA
PA
PA
PA
PA
PA
PA
PA
PA
PA
PA
PA
PA
PA
PA
PA
PA
PA
PA
PA
PA
PA
PA
PA
PA
PA
PA
PA
PA
PA
PA
PA
PA
PA
PA
PA
PA
PA
PA
PA
PA
PA
PA
PA
PA
PA
PA
PA
PA
PA
PA
PA
PA
PA
PA
PA
PA
PA
PA
PA
PA
PA
PA
PA
PA
PA
PA
PA
PA
PA
PA
PA
PA
PA
PA
PA
PA
PA
PA
PA
PA
PA
PA
PA
PA
PA
PA
PA
PA
PA
PA
PA
PA
PA
PA
PA
PA
PA
PA
PA
PA
PA
PA
PA
PA
PA
PA
PA
PA
PA
PA
PA
PA
PA
PA
PA
PA
PA
PA
PA
PA
PA
PA
PA
PA
PA
PA
PA
PA
PA
PA
PA
PA
PA
PA
PA
PA
PA
PA
PA
PA
PA
PA
PA
PA
PA
PA
PA
PA
PA
PA
PA
PA
PA
PA
PA
PA
PA
PA
PA
PA
PA
PA
PA
PA
PA
PA
PA
PA
PA
PA
PA
PA
PA
PA
PA
PA
PA
PA
PA
PA
PA
PA
PA
PA
PA
PA
PA
PA
PA
PA
PA
PA
PA
PA
PA
PA
PA
PA
PA
PA
PA
PA
PA
PA
PA
PA
PA
PA
PA
PA
PA
PA
PA
PA
PA
PA
PA
PA
PA
PA
PA
PA
PA
PA
PA
PA
PA
PA
PA
PA
PA
PA
PA
PA
PA
PA
PA
PA
PA
PA
PA
PA
PA
PA
PA
PA
PA
PA
PA
PA
PA
PA
PA
PA
PA
PA
PA
PA
PA
PA
PA
PA
PA
PA
PA
PA
PA
PA
PA
PA
PA
PA
PA
PA
PA
PA
PA
PA
PA
PA
PA
PA
PA
PA
PA
PA
PA
PA
PA
PA
PA
PA
PA
PA
PA
PA
PA
PA
PA
PA
PA
PA
PA
PA
PA
PA
PA
PA
PA
PA
PA
PA
PA
PA
PA
PA
PA
PA
PA
PA
PA
PA
PA
PA
PA
PA
PA
PA
PA
PA
PA
PA
PA
PA
PA
PA
PA
PA
PA
PA
PA
PA
PA
PA
PA
PA
PA
PA
PA
PA
PA
PA
PA
PA
PA
PA
PA
PA
PA
PA
PA
PA
PA
PA
PA
PA
PA
PA
PA
PA
PA
PA
PA
PA
PA
PA
PA
PA
PA
PA
PA
PA
PA
PA
PA
PA
PA
PA
PA
PA
PA
PA
PA
PA
PA
PA
PA
PA
PA
PA
PA
PA
PA
PA
PA
PA
PA
PA
PA
PA
PA
PA
PA
PA
PA
PA
PA
PA
PA
PA
PA
PA
PA
PA
PA
PA
PA
PA
PA
PA
PA
PA
PA
PA
PA
PA
PA
PA
PA
PA
PA
PA
PA
PA
PA
PA
PA
PA
PA
PA
PA
PA
PA
PA
PA
PA
PA
PA
PA
PA
PA
PA
PA
PA
PA
PA
PA
PA
PA
PA
PA
PA
PA
PA
PA
PA
PA
PA
PA
PA
PA
PA
PA
PA
PA
PA
PA
PA
PA
PA
PA
PA
PA
PA
PA
PA
PA
PB
PB
PB
PB
PB
PB
PB
PB
PB
PB
PB
PB
PB
PB
PB
PB
PB
PB
PB
PB
PB
PB
PB
PB
PB
PB
PB
PB
PB
PB
PB
PB
PB
PB
PB
PB
PB
PB
PB
PB
PB
PB
PB
PB
PB
PB
PB
PB
PB
PB
PB
PB
PB
PB
PB
PB
PB
PB
PB
PB
PB
PB
PB
PB
PB
PB
PB
PB
PB
PB
PB
PB
PB
PB
PB
PB
PB
PB
PB
PB
PB
PB
PB
PB
PB
PB
PB
PB
PB
PB
PB
PB
PB
PB
PB
PB
PB
PB
PB
PB
PB
PB
PB
PB
PB
PB
PB
PB
PB
PB
PB
PB
PB
PB
PB
PB
PB
PB
PB
PB
PB
PB
PB
PB
PB
PB
PB
PB
PB
PB
PB
PB
PB
PB
PB
PB
PB
PB
PB
PB
PB
PB
PB
PB
PB
PB
PB
PB
PB
PB
PB
PB
PB
PB
PB
PB
PB
PB
PB
PB
PB
PB
PB
PB
PB
PB
PB
PB
PB
PB
PB
PB
PB
PB
PB
PB
PB
PB
PB
PB
PB
PB
PB
PB
PB
PB
PB
PB
PB
PB
PB
PB
PB
PB
PB
PB
PB
PB
PB
PB
PB
PB
PB
PB
PB
PB
PB
PB
PB
PB
PB
PB
PB
PB
PB
PB
PB
PB
PB
PB
PB
PB
PB
PB
PB
PB
PB
PB
PB
PB
PB
PB
PB
PB
PB
PB
PB
PB
PB
PB
PB
PB
PB
PB
PB
PB
PB
PB
PB
PB
PB
PB
PB
PB
PB
PB
PB
PB
PB
PB
PB
PB
PB
PB
PB
PB
PB
PB
PB
PB
PB
PB
PB
PB
PB
PB
PB
PB
PB
PB
PB
PB
PB
PB
PB
PB
PB
PB
PB
PB
PB
PB
PB
PB
PB
PB
PB
PB
PB
PB
PB
PB
PB
PB
PB
PB
PB
PB
PB
PB
PB
PB
PB
PB
PB
PB
PB
PB
PB
PB
PB
PB
PB
PB
PB
PB
PB
PB
PB
PB
PB
PB
PB
PB
PB
PB
PB
PB
PB
PB
PB
PB
PB
PB
PB
PB
PB
PB
PB
PB
PB
PB
PB
PB
PB
PB
PB
PB
PB
PB
PB
PB
PB
PB
PB
PB
PB
PB
PB
PB
PB
PB
PB
PB
PB
PB
PB
PB
PB
PB
PB
PB
PB
PB
PB
PB
PB
PB
PB
PB
PB
PB
PB
PB
PB
PB
PB
PB
PB
PB
PB
PB
PB
PB
PB
PB
PB
PB
PB
PB
PB
PB
PB
PB
PB
PB
PB
PB
PB
PB
PB
PB
PB
PB
PB
PB
PB
PB
PB
PB
PB
PB
PB
PB
PB
PB
PB
PB
PB
PB
PB
PB
PB
PB
PB
PB
PB
PB
PB
PB
PB
PB
PB
PB
PB
PB
PB
PB
PB
PB
PB
PB
PB
PB
PB
PB
PB
PB
PB
PB
PB
PB
PB
PB
PB
PB
PB
PB
PB
PB
PB
PB
PB
PB
PB
PB
PB
PB
PB
PB
PB
PB
PB
PB
PB
PB
PB
PB
PB
PB
PA
PA
PA
PA
PA
PA
PA
PA
PA
PA
PA
PA
PA
PA
PA
PA
PA
PA
PA
PA
PA
PA
PA
PA
PA
PA
PA
PA
PA
PA
PA
PA
PA
PA
PA
PA
PA
PA
PA
PA
PA
PA
PA
PA
PA
PA
PA
PA
PA
PA
PA
PA
PA
PA
PA
PA
PA
PA
PA
PA
PA
PA
PA
PA
PA
PA
PA
PA
PA
PA
PA
PA
PA
PA
PA
PA
PA
PA
PA
PA
PA
PA
PA
PA
PA
PA
PA
PA
PA
PA
PA
PA
PA
PA
PA
PA
PA
PA
PA
PA
PA
PA
PA
PA
PA
PA
PA
PA
PA
PA
PA
PA
PA
PA
PA
PA
PA
PA
PA
PA
PA
PA
PA
PA
PA
PA
PA
PA
PA
PA
PA
PA
PA
PA
PA
PA
PA
PA
PA
PA
PA
PA
PA
PA
PA
PA
PA
PA
PA
PA
PA
PA
PA
PA
PA
PA
PA
PA
PA
PA
PA
PA
PA
PA
PA
PA
PA
PA
PA
PA
PA
PA
PA
PA
PA
PA
PA
PA
PA
PA
PA
PA
PA
PA
PA
PA
PA
PA
PA
PA
PA
PA
PA
PA
PA
PA
PA
PA
PA
PA
PA
PA
PA
PA
PA
PA
PA
PA
PA
PA
PA
PA
PA
PA
PA
PA
PA
PA
PA
PA
PA
PA
PA
PA
PA
PA
PA
PA
PA
PA
PA
PA
PA
PA
PA
PA
PA
PA
PA
PA
PA
PA
PA
PA
PA
PA
PA
PA
PA
PA
PA
PA
PA
PA
PA
PA
PA
PA
PA
PA
PA
PA
PA
PA
PA
PA
PA
PA
PA
PA
PA
PA
PA
PA
PA
PA
PA
PA
PA
PA
PA
PA
PA
PA
PA
PA
PA
PA
PA
PA
PA
PA
PA
PA
PA
PA
PA
PA
PA
PA
PA
PA
PA
PA
PA
PA
PA
PA
PA
PA
PA
PA
PA
PA
PA
PA
PA
PA
PA
PA
PA
PA
PA
PA
PA
PA
PA
PA
PA
PA
PA
PA
PA
PA
PA
PA
PA
PA
PA
PA
PA
PA
PA
PA
PA
PA
PA
PA
PA
PA
PA
PA
PA
PA
PA
PA
PA
PA
PA
PA
PA
PA
PA
PA
PA
PA
PA
PA
PA
PA
PA
PA
PA
PA
PA
PA
PA
PA
PA
PA
PA
PA
PA
PA
PA
PA
PA
PA
PA
PA
PA
PA
PA
PA
PA
PA
PA
PA
PA
PA
PA
PA
PA
PA
PA
PA
PA
PA
PA
PA
PA
PA
PA
PA
PA
PA
PA
PA
PA
PA
PA
PA
PA
PA
PA
PA
PA
PA
PA
PA
PA
PA
PA
PA
PA
PA
PA
PA
PA
PA
PA
PA
PA
PA
PA
PA
PA
PA
PA
PA
PA
PA
PA
PA
PA
PA
PA
PA
PA
PA
PA
PA
PA
PA
PA
PA
PA
PA
PA
PA
PA
PA
PA
PA
PA
PA
PA
PA
PA
PA
PA
PA
PA
PA
PA
PA
PA
PA
PA
PA
PA
PA
PA
PA
PA
PA
PA
PA
PA
PA
PB
PB
PB
PB
PB
PB
PB
PB
PB
PB
PB
PB
PB
PB
PB
PB
PB
PB
PB
PB
PB
PB
PB
PB
PB
PB
PB
PB
PB
PB
PB
PB
PB
PB
PB
PB
PB
PB
PB
PB
PB
PB
PB
PB
PB
PB
PB
PB
PB
PB
PB
PB
PB
PB
PB
PB
PB
PB
PB
PB
PB
PB
PB
PB
PB
PB
PB
PB
PB
PB
PB
PB
PB
PB
PB
PB
PB
PB
PB
PB
PB
PB
PB
PB
PB
PB
PB
PB
PB
PB
PB
PB
PB
PB
PB
PB
PB
PB
PB
PB
PB
PB
PB
PB
PB
PB
PB
PB
PB
PB
PB
PB
PB
PB
PB
PB
PB
PB
PB
PB
PB
PB
PB
PB
PB
PB
PB
PB
PB
PB
PB
PB
PB
PB
PB
PB
PB
PB
PB
PB
PB
PB
PB
PB
PB
PB
PB
PB
PB
PB
PB
PB
PB
PB
PB
PB
PB
PB
PB
PB
PB
PB
PB
PB
PB
PB
PB
PB
PB
PB
PB
PB
PB
PB
PB
PB
PB
PB
PB
PB
PB
PB
PB
PB
PB
PB
PB
PB
PB
PB
PB
PB
PB
PB
PB
PB
PB
PB
PB
PB
PB
PB
PB
PB
PB
PB
PB
PB
PB
PB
PB
PB
PB
PB
PB
PB
PB
PB
PB
PB
PB
PB
PB
PB
PB
PB
PB
PB
PB
PB
PB
PB
PB
PB
PB
PB
PB
PB
PB
PB
PB
PB
PB
PB
PB
PB
PB
PB
PB
PB
PB
PB
PB
PB
PB
PB
PB
PB
PB
PB
PB
PB
PB
PB
PB
PB
PB
PB
PB
PB
PB
PB
PB
PB
PB
PB
PB
PB
PB
PB
PB
PB
PB
PB
PB
PB
PB
PB
PB
PB
PB
PB
PB
PB
PB
PB
PB
PB
PB
PB
PB
PB
PB
PB
PB
PB
PB
PB
PB
PB
PB
PB
PB
PB
PB
PB
PB
PB
PB
PB
PB
PB
PB
PB
PB
PB
PB
PB
PB
PB
PB
PB
PB
PB
PB
PB
PB
PB
PB
PB
PB
PB
PB
PB
PB
PB
PB
PB
PB
PB
PB
PB
PB
PB
PB
PB
PB
PB
PB
PB
PB
PB
PB
PB
PB
PB
PB
PB
PB
PB
PB
PB
PB
PB
PB
PB
PB
PB
PB
PB
PB
PB
PB
PB
PB
PB
PB
PB
PB
PB
PB
PB
PB
PB
PB
PB
PB
PB
PB
PB
PB
PB
PB
PB
PB
PB
PB
PB
PB
PB
PB
PB
PB
PB
PB
PB
PB
PB
PB
PB
PB
PB
PB
PB
PB
PB
PB
PB
PB
PB
PB
PB
PB
PB
PB
PB
PB
PB
PB
PB
PB
PB
PB
PB
PB
PB
PB
PB
PB
PB
PB
PB
PB
PB
PB
PB
PB
PB
PB
PB
PB
PB
PB
PB
PB
PB
PB
PB
PB
PB
PB
PB
PB
PB
PB
PB
PB
PB
PB
PB
PB
PB
PB
PB
PB
PB
PB
PB
PB
PB
PB
PB
PB
PB
PB
PB
PB
PB
PB
PB
PA
PA
PA
PA
PA
PA
PA
PA
PA
PA
PA
PA
PA
PA
PA
PA
PA
PA
PA
PA
PA
PA
PA
PA
PA
PA
PA
PA
PA
PA
PA
PA
PA
PA
PA
PA
PA
PA
PA
PA
PA
PA
PA
PA
PA
PA
PA
PA
PA
PA
PA
PA
PA
PA
PA
PA
PA
PA
PA
PA
PA
PA
PA
PA
PA
PA
PA
PA
PA
PA
PA
PA
PA
PA
PA
PA
PA
PA
PA
PA
PA
PA
PA
PA
PA
PA
PA
PA
PA
PA
PA
PA
PA
PA
PA
PA
PA
PA
PA
PA
PA
PA
PA
PA
PA
PA
PA
PA
PA
PA
PA
PA
PA
PA
PA
PA
PA
PA
PA
PA
PA
PA
PA
PA
PA
PA
PA
PA
PA
PA
PA
PA
PA
PA
PA
PA
PA
PA
PA
PA
PA
PA
PA
PA
PA
PA
PA
PA
PA
PA
PA
PA
PA
PA
PA
PA
PA
PA
PA
PA
PA
PA
PA
PA
PA
PA
PA
PA
PA
PA
PA
PA
PA
PA
PA
PA
PA
PA
PA
PA
PA
PA
PA
PA
PA
PA
PA
PA
PA
PA
PA
PA
PA
PA
PA
PA
PA
PA
PA
PA
PA
PA
PA
PA
PA
PA
PA
PA
PA
PA
PA
PA
PA
PA
PA
PA
PA
PA
PA
PA
PA
PA
PA
PA
PA
PA
PA
PA
PA
PA
PA
PA
PA
PA
PA
PA
PA
PA
PA
PA
PA
PA
PA
PA
PA
PA
PA
PA
PA
PA
PA
PA
PA
PA
PA
PA
PA
PA
PA
PA
PA
PA
PA
PA
PA
PA
PA
PA
PA
PA
PA
PA
PA
PA
PA
PA
PA
PA
PA
PA
PA
PA
PA
PA
PA
PA
PA
PA
PA
PA
PA
PA
PA
PA
PA
PA
PA
PA
PA
PA
PA
PA
PA
PA
PA
PA
PA
PA
PA
PA
PA
PA
PA
PA
PA
PA
PA
PA
PA
PA
PA
PA
PA
PA
PA
PA
PA
PA
PA
PA
PA
PA
PA
PA
PA
PA
PA
PA
PA
PA
PA
PA
PA
PA
PA
PA
PA
PA
PA
PA
PA
PA
PA
PA
PA
PA
PA
PA
PA
PA
PA
PA
PA
PA
PA
PA
PA
PA
PA
PA
PA
PA
PA
PA
PA
PA
PA
PA
PA
PA
PA
PA
PA
PA
PA
PA
PA
PA
PA
PA
PA
PA
PA
PA
PA
PA
PA
PA
PA
PA
PA
PA
PA
PA
PA
PA
PA
PA
PA
PA
PA
PA
PA
PA
PA
PA
PA
PA
PA
PA
PA
PA
PA
PA
PA
PA
PA
PA
PA
PA
PA
PA
PA
PA
PA
PA
PA
PA
PA
PA
PA
PA
PA
PA
PA
PA
PA
PA
PA
PA
PA
PA
PA
PA
PA
PA
PA
PA
PA
PA
PA
PA
PA
PA
PA
PA
PA
PA
PA
PA
PA
PA
PA
PA
PA
PA
PA
PA
PA
PA
PA
PA
PA
PA
PA
PA
PA
PA
PA
PA
PA
PA
PA
PA
PA
PA
PA
PA
PA
PA
[3J[H[2J

1    
2    
3    
4    
5    
6    
7    
8    
9    
10   
11   
12   
13   
14   
15   
16   
17   
18   
19   
20   
21   
22   
23   
24   
25   
26   
27   
28   
29   
30   
31   
32   
33   
34   
35   
36   
37   
38   
39   
40   
41   
42   
43   
44   
45   
46   
47   
48   
49   
50   
51   
52   
53   
54   
55   
56   
57   
58   
59   
60   
61   
62   
63   
64   
65   
66   
67   
68   
69   
70   
71   
72   
73   
74   
75   
76   
77   
78   
79   
80   
81   
82   
83   
84   
85   
86   
87   
88   
89   
90   
91   
92   
93   
94   
95   
96   
97   
98   
99   
100  
101  
102  
103  
104  
105  
106  
107  
108  
109  
110  
111  
112  
113  
114  
115  
116  
117  
118  
119  
120  
121  
122  
123  
124  
125  
126  
127  
128  
129  
130  
131  
132  
133  
134  
135  
136  
137  
138  
139  
140  
141  
142  
143  
144  
145  
146  
147  
148  
149  
150  
151  
152  
153  
154  
155  
156  
157  
158  
159  
160  
161  
162  
163  
164  
165  
166  
167  
168  
169  
170  
171  
172  
173  
174  
175  
176  
177  
178  
179  
180  
181  
182  
183  
184  
185  
186  
187  
188  
189  
190  
191  
192  
193  
194  
195  
196  
197  
198  
199  
200  
201  
202  
203  
204  
205  
206  
207  
208  
209  
210  
211  
212  
213  
214  
215  
216  
217  
218  
219  
220  
221  
222  
223  
224  
225  
226  
227  
228  
229  
230  
231  
232  
233  
234  
235  
236  
237  
238  
239  
240  
241  
242  
243  
244  
245  
246  
247  
248  
249  
250  
251  
252  
253  
254  
255  
256  
257  
258  
259  
260  
261  
262  
263  
264  
265  
266  
267  
268  
269  
270  
271  
272  
273  
274  
275  
276  
277  
278  
279  
280  
281  
282  
283  
284  
285  
286  
287  
288  
289  
290  
291  
292  
293  
294  
295  
296  
297  
298  
299  
300  
301  
302  
303  
304  
305  
306  
307  
308  
309  
310  
311  
312  
313  
314  
315  
316  
317  
318  
319  
320  
321  
322  
323  
324  
325  
326  
327  
328  
329  
330  
331  
332  
333  
334  
335  
336  
337  
338  
339  
340  
341  
342  
343  
344  
345  
346  
347  
348  
349  
350  
351  
352  
353  
354  
355  
356  
357  
358  
359  
360  
361  
362  
363  
364  
365  
366  
367  
368  
369  
370  
371  
372  
373  
374  
375  
376  
377  
378  
379  
380  
381  
382  
383  
384  
385  
386  
387  
388  
389  
390  
391  
392  
393  
394  
395  
396  
397  
398  
399  
400  
401  
402  
403  
404  
405  
406  
407  
408  
409  
410  
411  
412  
413  
414  
415  
416  
417  
418  
419  
420  
421  
422  
423  
424  
425  
426  
427  
428  
429  
430  
431  
432  
433  
434  
435  
436  
437  
438  
439  
440  
441  
442  
443  
444  
445  
446  
447  
448  
449  
450  
451  
452  
453  
454  
455  
456  
457  
458  
459  
460  
461  
462  
463  
464  
465  
466  
467  
468  
469  
470  
471  
472  
473  
474  
475  
476  
477  
478  
479  
480  
481  
482  
483  
484  
485  
486  
487  
488  
489  
490  
491  
492  
493  
494  
495  
496  
497  
498  
499  
500  

A     B

